Build started 2016/12/26 15:24:33.
     1>Project "D:\Projects\C++Projects\Projects_osg\my_osg\Example\Example.vcxproj" on node 2 (Build target(s)).
     1>ClCompile:
         C:\Program Files (x86)\Microsoft Visual Studio 12.0\VC\bin\x86_amd64\CL.exe /c /I"D:\Projects\OpenSceneGraph-3.4.0\build\include" /I"D:\Projects\OpenSceneGraph-3.4.0\include" /Zi /nologo /W3 /WX- /Od /D WIN32 /D _DEBUG /D _CONSOLE /D _LIB /D _UNICODE /D UNICODE /Gm /EHsc /RTC1 /MDd /GS /fp:precise /Zc:wchar_t /Zc:forScope /Fo"x64\Debug\\" /Fd"x64\Debug\vc120.pdb" /Gd /TP /errorReport:prompt Common.cpp main.cpp MyHandler.cpp PickHandler.cpp Roam.cpp
         Roam.cpp
         PickHandler.cpp
         MyHandler.cpp
         main.cpp
         Common.cpp
         Generating Code...
       Link:
         C:\Program Files (x86)\Microsoft Visual Studio 12.0\VC\bin\x86_amd64\link.exe /ERRORREPORT:PROMPT /OUT:"D:\Projects\C++Projects\Projects_osg\my_osg\x64\Debug\Example.exe" /INCREMENTAL /NOLOGO /LIBPATH:"D:\Projects\OpenSceneGraph-3.4.0\build\bin\osgPlugins-3.4.0" /LIBPATH:"D:\Projects\OpenSceneGraph-3.4.0\build\lib" OpenThreadsd.lib osgd.lib osgAnimationd.lib osgDBd.lib osgFXd.lib osgGAd.lib osgManipulatord.lib osgParticled.lib osgPresentationd.lib osgShadowd.lib osgSimd.lib osgTerraind.lib osgTextd.lib osgUId.lib osgUtild.lib osgViewerd.lib osgVolumed.lib osgWidgetd.lib kernel32.lib user32.lib gdi32.lib winspool.lib comdlg32.lib advapi32.lib shell32.lib ole32.lib oleaut32.lib uuid.lib odbc32.lib odbccp32.lib /MANIFEST /MANIFESTUAC:"level='asInvoker' uiAccess='false'" /manifest:embed /DEBUG /PDB:"D:\Projects\C++Projects\Projects_osg\my_osg\x64\Debug\Example.pdb" /SUBSYSTEM:CONSOLE /TLBID:1 /DYNAMICBASE /NXCOMPAT /IMPLIB:"D:\Projects\C++Projects\Projects_osg\my_osg\x64\Debug\Example.lib" /MACHINE:X64 x64\Debug\Common.obj
         x64\Debug\main.obj
         x64\Debug\MyHandler.obj
         x64\Debug\PickHandler.obj
         x64\Debug\Roam.obj
         Example.vcxproj -> D:\Projects\C++Projects\Projects_osg\my_osg\x64\Debug\Example.exe
     1>Done Building Project "D:\Projects\C++Projects\Projects_osg\my_osg\Example\Example.vcxproj" (Build target(s)).

Build succeeded.

Time Elapsed 00:00:21.68
